

Started GET "/" for 127.0.0.1 at 2018-02-24 05:20:17 -0500
Processing by Rails::WelcomeController#index as */*
  Rendered /home/cabox/.rvm/gems/ruby-2.1.2/gems/railties-4.1.6/lib/rails/templates/rails/welcome/index.html.erb (2.2ms)
Completed 200 OK in 27ms (Views: 15.7ms | ActiveRecord: 0.0ms)


Started GET "/" for 193.48.246.14 at 2018-02-24 05:21:44 -0500
Processing by Rails::WelcomeController#index as HTML
  Rendered /home/cabox/.rvm/gems/ruby-2.1.2/gems/railties-4.1.6/lib/rails/templates/rails/welcome/index.html.erb (1.1ms)
Completed 200 OK in 3ms (Views: 3.0ms | ActiveRecord: 0.0ms)


Started GET "/" for 127.0.0.1 at 2018-02-27 05:24:13 -0500
Processing by Rails::WelcomeController#index as */*
  Rendered /home/cabox/.rvm/gems/ruby-2.1.2/gems/railties-4.2.7.1/lib/rails/templates/rails/welcome/index.html.erb (2.1ms)
Completed 200 OK in 27ms (Views: 16.0ms | ActiveRecord: 0.0ms)


Started GET "/" for 127.0.0.1 at 2018-02-27 05:24:32 -0500
Processing by Rails::WelcomeController#index as */*
  Rendered /home/cabox/.rvm/gems/ruby-2.1.2/gems/railties-4.2.7.1/lib/rails/templates/rails/welcome/index.html.erb (2.9ms)
Completed 200 OK in 28ms (Views: 16.2ms | ActiveRecord: 0.0ms)


Started GET "/" for 127.0.0.1 at 2018-02-27 05:24:32 -0500
Processing by Rails::WelcomeController#index as */*
  Rendered /home/cabox/.rvm/gems/ruby-2.1.2/gems/railties-4.2.7.1/lib/rails/templates/rails/welcome/index.html.erb (0.1ms)
Completed 200 OK in 5ms (Views: 4.8ms | ActiveRecord: 0.0ms)


Started GET "/" for 193.48.246.14 at 2018-02-27 05:24:32 -0500
Processing by Rails::WelcomeController#index as HTML
  Rendered /home/cabox/.rvm/gems/ruby-2.1.2/gems/railties-4.2.7.1/lib/rails/templates/rails/welcome/index.html.erb (1.2ms)
Completed 200 OK in 3ms (Views: 2.6ms | ActiveRecord: 0.0ms)


Started GET "/" for 127.0.0.1 at 2018-02-27 05:28:23 -0500
Processing by Rails::WelcomeController#index as */*
  Rendered /home/cabox/.rvm/gems/ruby-2.1.2/gems/railties-4.2.7.1/lib/rails/templates/rails/welcome/index.html.erb (2.3ms)
Completed 200 OK in 27ms (Views: 14.9ms | ActiveRecord: 0.0ms)


Started GET "/" for 127.0.0.1 at 2018-02-27 05:28:23 -0500
Processing by Rails::WelcomeController#index as */*
  Rendered /home/cabox/.rvm/gems/ruby-2.1.2/gems/railties-4.2.7.1/lib/rails/templates/rails/welcome/index.html.erb (0.1ms)
Completed 200 OK in 7ms (Views: 6.3ms | ActiveRecord: 0.0ms)


Started GET "/" for 193.48.246.14 at 2018-02-27 05:28:24 -0500
Processing by Rails::WelcomeController#index as HTML
  Rendered /home/cabox/.rvm/gems/ruby-2.1.2/gems/railties-4.2.7.1/lib/rails/templates/rails/welcome/index.html.erb (1.0ms)
Completed 200 OK in 3ms (Views: 2.2ms | ActiveRecord: 0.0ms)


Started GET "/" for 127.0.0.1 at 2018-02-27 05:30:45 -0500
Processing by Rails::WelcomeController#index as */*
  Rendered /home/cabox/.rvm/gems/ruby-2.1.2/gems/railties-4.2.7.1/lib/rails/templates/rails/welcome/index.html.erb (3.5ms)
Completed 200 OK in 30ms (Views: 18.3ms | ActiveRecord: 0.0ms)


Started GET "/" for 127.0.0.1 at 2018-02-27 05:30:46 -0500
Processing by Rails::WelcomeController#index as */*
  Rendered /home/cabox/.rvm/gems/ruby-2.1.2/gems/railties-4.2.7.1/lib/rails/templates/rails/welcome/index.html.erb (0.1ms)
Completed 200 OK in 6ms (Views: 6.1ms | ActiveRecord: 0.0ms)


Started GET "/" for 193.48.246.14 at 2018-02-27 05:30:46 -0500
Processing by Rails::WelcomeController#index as HTML
  Rendered /home/cabox/.rvm/gems/ruby-2.1.2/gems/railties-4.2.7.1/lib/rails/templates/rails/welcome/index.html.erb (1.1ms)
Completed 200 OK in 3ms (Views: 2.4ms | ActiveRecord: 0.0ms)
DEPRECATION WARNING: Defining a route where `to` is a controller without an action is deprecated. Please change `to: 'welcome/index'` to `controller: 'welcome/index'`. (called from block in <top (required)> at /home/cabox/workspace/config/routes.rb:2)
DEPRECATION WARNING: Defining a route where `to` is a controller without an action is deprecated. Please change `to: 'welcome/index'` to `controller: 'welcome/index'`. (called from block in <top (required)> at /home/cabox/workspace/config/routes.rb:2)
DEPRECATION WARNING: Defining a route where `to` is a controller without an action is deprecated. Please change `to: 'welcome/index'` to `controller: 'welcome/index'`. (called from block in <top (required)> at /home/cabox/workspace/config/routes.rb:2)
DEPRECATION WARNING: Defining a route where `to` is a controller without an action is deprecated. Please change `to: 'welcome/index'` to `controller: 'welcome/index'`. (called from block in <top (required)> at /home/cabox/workspace/config/routes.rb:2)


Started GET "/" for 127.0.0.1 at 2018-02-27 05:34:40 -0500
Processing by WelcomeController#index as */*
  Rendered welcome/index.html.erb within layouts/application (3.5ms)
Completed 200 OK in 991ms (Views: 978.6ms | ActiveRecord: 0.0ms)


Started GET "/" for 127.0.0.1 at 2018-02-27 05:34:41 -0500
Processing by WelcomeController#index as */*
  Rendered welcome/index.html.erb within layouts/application (0.1ms)
Completed 200 OK in 63ms (Views: 62.4ms | ActiveRecord: 0.0ms)


Started GET "/" for 127.0.0.1 at 2018-02-27 05:34:41 -0500
Processing by WelcomeController#index as */*
  Rendered welcome/index.html.erb within layouts/application (0.1ms)
Completed 200 OK in 96ms (Views: 95.8ms | ActiveRecord: 0.0ms)


Started GET "/" for 193.48.246.14 at 2018-02-27 05:34:42 -0500
Processing by WelcomeController#index as HTML
  Rendered welcome/index.html.erb within layouts/application (0.6ms)
Completed 200 OK in 64ms (Views: 63.7ms | ActiveRecord: 0.0ms)


Started GET "/assets/welcome.css?body=1" for 193.48.246.14 at 2018-02-27 05:34:42 -0500


Started GET "/assets/application.css?body=1" for 193.48.246.14 at 2018-02-27 05:34:42 -0500


Started GET "/assets/jquery.js?body=1" for 193.48.246.14 at 2018-02-27 05:34:42 -0500


Started GET "/assets/welcome.js?body=1" for 193.48.246.14 at 2018-02-27 05:34:42 -0500


Started GET "/assets/jquery_ujs.js?body=1" for 193.48.246.14 at 2018-02-27 05:34:42 -0500


Started GET "/assets/turbolinks.js?body=1" for 193.48.246.14 at 2018-02-27 05:34:42 -0500


Started GET "/assets/application.js?body=1" for 193.48.246.14 at 2018-02-27 05:34:42 -0500


Started GET "/" for 127.0.0.1 at 2018-02-27 05:35:39 -0500
Processing by WelcomeController#index as */*
  Rendered welcome/index.html.erb within layouts/application (2.9ms)
Completed 200 OK in 155ms (Views: 142.7ms | ActiveRecord: 0.0ms)


Started GET "/" for 127.0.0.1 at 2018-02-27 05:35:40 -0500
Processing by WelcomeController#index as */*
  Rendered welcome/index.html.erb within layouts/application (0.1ms)
Completed 200 OK in 85ms (Views: 83.9ms | ActiveRecord: 0.0ms)


Started GET "/" for 193.48.246.14 at 2018-02-27 05:35:40 -0500
Processing by WelcomeController#index as HTML
  Rendered welcome/index.html.erb within layouts/application (0.7ms)
Completed 200 OK in 71ms (Views: 68.2ms | ActiveRecord: 0.0ms)


Started GET "/assets/welcome.css?body=1" for 193.48.246.14 at 2018-02-27 05:35:40 -0500


Started GET "/assets/application.css?body=1" for 193.48.246.14 at 2018-02-27 05:35:40 -0500


Started GET "/assets/welcome.js?body=1" for 193.48.246.14 at 2018-02-27 05:35:40 -0500


Started GET "/" for 127.0.0.1 at 2018-02-27 05:36:26 -0500
Processing by WelcomeController#index as */*
  Rendered welcome/index.html.erb within layouts/application (1.5ms)
Completed 200 OK in 116ms (Views: 104.2ms | ActiveRecord: 0.0ms)


Started GET "/" for 127.0.0.1 at 2018-02-27 05:36:27 -0500
Processing by WelcomeController#index as */*
  Rendered welcome/index.html.erb within layouts/application (0.1ms)
Completed 200 OK in 65ms (Views: 64.1ms | ActiveRecord: 0.0ms)


Started GET "/" for 193.48.246.14 at 2018-02-27 05:36:27 -0500
Processing by WelcomeController#index as HTML
  Rendered welcome/index.html.erb within layouts/application (0.5ms)
Completed 200 OK in 61ms (Views: 59.7ms | ActiveRecord: 0.0ms)


Started GET "/assets/welcome.css?body=1" for 193.48.246.14 at 2018-02-27 05:36:27 -0500


Started GET "/assets/jquery.js?body=1" for 193.48.246.14 at 2018-02-27 05:36:27 -0500


Started GET "/assets/application.css?body=1" for 193.48.246.14 at 2018-02-27 05:36:27 -0500


Started GET "/assets/welcome.js?body=1" for 193.48.246.14 at 2018-02-27 05:36:27 -0500


Started GET "/assets/jquery_ujs.js?body=1" for 193.48.246.14 at 2018-02-27 05:36:27 -0500


Started GET "/" for 127.0.0.1 at 2018-02-27 05:37:00 -0500
Processing by WelcomeController#index as */*
  Rendered welcome/index.html.erb within layouts/application (2.1ms)
Completed 200 OK in 129ms (Views: 116.2ms | ActiveRecord: 0.0ms)


Started GET "/" for 127.0.0.1 at 2018-02-27 05:37:01 -0500
Processing by WelcomeController#index as */*
  Rendered welcome/index.html.erb within layouts/application (0.1ms)
Completed 200 OK in 82ms (Views: 81.7ms | ActiveRecord: 0.0ms)


Started GET "/" for 193.48.246.14 at 2018-02-27 05:37:01 -0500
Processing by WelcomeController#index as HTML
  Rendered welcome/index.html.erb within layouts/application (0.5ms)
Completed 200 OK in 67ms (Views: 65.3ms | ActiveRecord: 0.0ms)


Started GET "/assets/welcome.js?body=1" for 193.48.246.14 at 2018-02-27 05:37:01 -0500


Started GET "/assets/jquery_ujs.js?body=1" for 193.48.246.14 at 2018-02-27 05:37:01 -0500


Started GET "/assets/jquery.js?body=1" for 193.48.246.14 at 2018-02-27 05:37:01 -0500


Started GET "/assets/application.css?body=1" for 193.48.246.14 at 2018-02-27 05:37:01 -0500


Started GET "/assets/welcome.css?body=1" for 193.48.246.14 at 2018-02-27 05:37:01 -0500


Started GET "/" for 127.0.0.1 at 2018-02-27 05:37:28 -0500
Processing by WelcomeController#index as */*
  Rendered welcome/index.html.erb within layouts/application (1.5ms)
Completed 200 OK in 121ms (Views: 108.7ms | ActiveRecord: 0.0ms)


Started GET "/" for 127.0.0.1 at 2018-02-27 05:37:29 -0500
Processing by WelcomeController#index as */*
  Rendered welcome/index.html.erb within layouts/application (0.1ms)
Completed 200 OK in 60ms (Views: 59.3ms | ActiveRecord: 0.0ms)


Started GET "/" for 193.48.246.14 at 2018-02-27 05:37:29 -0500
Processing by WelcomeController#index as HTML
  Rendered welcome/index.html.erb within layouts/application (0.9ms)
Completed 200 OK in 61ms (Views: 60.5ms | ActiveRecord: 0.0ms)


Started GET "/assets/welcome.js?body=1" for 193.48.246.14 at 2018-02-27 05:37:29 -0500


Started GET "/assets/application.css?body=1" for 193.48.246.14 at 2018-02-27 05:37:29 -0500


Started GET "/assets/welcome.css?body=1" for 193.48.246.14 at 2018-02-27 05:37:29 -0500


Started GET "/assets/jquery_ujs.js?body=1" for 193.48.246.14 at 2018-02-27 05:37:29 -0500


Started GET "/assets/jquery.js?body=1" for 193.48.246.14 at 2018-02-27 05:37:29 -0500


Started GET "/" for 127.0.0.1 at 2018-02-27 10:18:11 -0500
Processing by WelcomeController#index as */*
  Rendered welcome/index.html.erb within layouts/application (4.5ms)
Completed 200 OK in 287ms (Views: 266.0ms | ActiveRecord: 0.0ms)


Started GET "/" for 127.0.0.1 at 2018-02-27 10:18:11 -0500
Processing by WelcomeController#index as */*
  Rendered welcome/index.html.erb within layouts/application (0.1ms)
Completed 200 OK in 59ms (Views: 58.1ms | ActiveRecord: 0.0ms)


Started GET "/" for 127.0.0.1 at 2018-02-27 10:18:11 -0500
Processing by WelcomeController#index as */*
  Rendered welcome/index.html.erb within layouts/application (0.1ms)
Completed 200 OK in 62ms (Views: 62.0ms | ActiveRecord: 0.0ms)


Started GET "/" for 193.48.246.14 at 2018-02-27 10:18:12 -0500
Processing by WelcomeController#index as HTML
  Rendered welcome/index.html.erb within layouts/application (0.5ms)
Completed 200 OK in 65ms (Views: 64.6ms | ActiveRecord: 0.0ms)


Started GET "/assets/welcome.css?body=1" for 193.48.246.14 at 2018-02-27 10:18:12 -0500


Started GET "/assets/jquery_ujs.js?body=1" for 193.48.246.14 at 2018-02-27 10:18:13 -0500


Started GET "/assets/application.css?body=1" for 193.48.246.14 at 2018-02-27 10:18:13 -0500


Started GET "/assets/jquery.js?body=1" for 193.48.246.14 at 2018-02-27 10:18:13 -0500


Started GET "/assets/turbolinks.js?body=1" for 193.48.246.14 at 2018-02-27 10:18:13 -0500


Started GET "/assets/welcome.js?body=1" for 193.48.246.14 at 2018-02-27 10:18:13 -0500


Started GET "/assets/application.js?body=1" for 193.48.246.14 at 2018-02-27 10:18:13 -0500


Started GET "/" for 127.0.0.1 at 2018-03-10 04:22:06 -0500
Processing by WelcomeController#index as */*
  Rendered welcome/index.html.erb within layouts/application (2.2ms)
Completed 200 OK in 103ms (Views: 91.7ms | ActiveRecord: 0.0ms)


Started GET "/" for 127.0.0.1 at 2018-03-10 04:22:08 -0500
Processing by WelcomeController#index as */*
  Rendered welcome/index.html.erb within layouts/application (0.1ms)
Completed 200 OK in 51ms (Views: 50.3ms | ActiveRecord: 0.0ms)


Started GET "/" for 127.0.0.1 at 2018-03-10 04:22:08 -0500
Processing by WelcomeController#index as */*
  Rendered welcome/index.html.erb within layouts/application (0.1ms)
Completed 200 OK in 50ms (Views: 49.6ms | ActiveRecord: 0.0ms)


Started GET "/" for 127.0.0.1 at 2018-03-10 04:22:08 -0500
Processing by WelcomeController#index as */*
  Rendered welcome/index.html.erb within layouts/application (0.1ms)
Completed 200 OK in 59ms (Views: 58.9ms | ActiveRecord: 0.0ms)


Started GET "/" for 127.0.0.1 at 2018-03-10 04:22:08 -0500
Processing by WelcomeController#index as */*
  Rendered welcome/index.html.erb within layouts/application (0.2ms)
Completed 200 OK in 67ms (Views: 66.2ms | ActiveRecord: 0.0ms)


Started GET "/" for 127.0.0.1 at 2018-03-10 04:22:30 -0500
Processing by WelcomeController#index as */*
  Rendered welcome/index.html.erb within layouts/application (2.5ms)
Completed 200 OK in 99ms (Views: 87.8ms | ActiveRecord: 0.0ms)


Started GET "/" for 127.0.0.1 at 2018-03-10 04:22:32 -0500
Processing by WelcomeController#index as */*
  Rendered welcome/index.html.erb within layouts/application (0.1ms)
Completed 200 OK in 48ms (Views: 47.3ms | ActiveRecord: 0.0ms)


Started GET "/" for 127.0.0.1 at 2018-03-10 04:22:32 -0500
Processing by WelcomeController#index as */*
  Rendered welcome/index.html.erb within layouts/application (0.0ms)
Completed 200 OK in 49ms (Views: 48.5ms | ActiveRecord: 0.0ms)


Started GET "/" for 127.0.0.1 at 2018-03-10 04:22:32 -0500
Processing by WelcomeController#index as */*
  Rendered welcome/index.html.erb within layouts/application (0.1ms)
Completed 200 OK in 58ms (Views: 57.3ms | ActiveRecord: 0.0ms)


Started GET "/" for 127.0.0.1 at 2018-03-10 04:22:32 -0500
Processing by WelcomeController#index as */*
  Rendered welcome/index.html.erb within layouts/application (0.1ms)
Completed 200 OK in 59ms (Views: 58.9ms | ActiveRecord: 0.0ms)


Started GET "/" for 127.0.0.1 at 2018-03-10 05:24:51 -0500

ActiveRecord::PendingMigrationError (

Migrations are pending. To resolve this issue, run:

	bin/rake db:migrate RAILS_ENV=development

):
  activerecord (4.2.10) lib/active_record/migration.rb:392:in `check_pending!'
  activerecord (4.2.10) lib/active_record/migration.rb:373:in `call'
  actionpack (4.2.10) lib/action_dispatch/middleware/callbacks.rb:29:in `block in call'
  activesupport (4.2.10) lib/active_support/callbacks.rb:88:in `__run_callbacks__'
  activesupport (4.2.10) lib/active_support/callbacks.rb:778:in `_run_call_callbacks'
  activesupport (4.2.10) lib/active_support/callbacks.rb:81:in `run_callbacks'
  actionpack (4.2.10) lib/action_dispatch/middleware/callbacks.rb:27:in `call'
  actionpack (4.2.10) lib/action_dispatch/middleware/reloader.rb:73:in `call'
  actionpack (4.2.10) lib/action_dispatch/middleware/remote_ip.rb:78:in `call'
  actionpack (4.2.10) lib/action_dispatch/middleware/debug_exceptions.rb:17:in `call'
  actionpack (4.2.10) lib/action_dispatch/middleware/show_exceptions.rb:30:in `call'
  railties (4.2.10) lib/rails/rack/logger.rb:38:in `call_app'
  railties (4.2.10) lib/rails/rack/logger.rb:20:in `block in call'
  activesupport (4.2.10) lib/active_support/tagged_logging.rb:68:in `block in tagged'
  activesupport (4.2.10) lib/active_support/tagged_logging.rb:26:in `tagged'
  activesupport (4.2.10) lib/active_support/tagged_logging.rb:68:in `tagged'
  railties (4.2.10) lib/rails/rack/logger.rb:20:in `call'
  actionpack (4.2.10) lib/action_dispatch/middleware/request_id.rb:21:in `call'
  rack (1.6.9) lib/rack/methodoverride.rb:22:in `call'
  rack (1.6.9) lib/rack/runtime.rb:18:in `call'
  activesupport (4.2.10) lib/active_support/cache/strategy/local_cache_middleware.rb:28:in `call'
  rack (1.6.9) lib/rack/lock.rb:17:in `call'
  actionpack (4.2.10) lib/action_dispatch/middleware/static.rb:120:in `call'
  rack (1.6.9) lib/rack/sendfile.rb:113:in `call'
  railties (4.2.10) lib/rails/engine.rb:518:in `call'
  railties (4.2.10) lib/rails/application.rb:165:in `call'
  rack (1.6.9) lib/rack/lock.rb:17:in `call'
  rack (1.6.9) lib/rack/content_length.rb:15:in `call'
  rack (1.6.9) lib/rack/handler/webrick.rb:88:in `service'
  /home/cabox/.rvm/rubies/ruby-2.1.2/lib/ruby/2.1.0/webrick/httpserver.rb:138:in `service'
  /home/cabox/.rvm/rubies/ruby-2.1.2/lib/ruby/2.1.0/webrick/httpserver.rb:94:in `run'
  /home/cabox/.rvm/rubies/ruby-2.1.2/lib/ruby/2.1.0/webrick/server.rb:295:in `block in start_thread'


  Rendered /home/cabox/.rvm/gems/ruby-2.1.2/gems/actionpack-4.2.10/lib/action_dispatch/middleware/templates/rescues/_source.erb (4.0ms)
  Rendered /home/cabox/.rvm/gems/ruby-2.1.2/gems/actionpack-4.2.10/lib/action_dispatch/middleware/templates/rescues/_trace.html.erb (2.5ms)
  Rendered /home/cabox/.rvm/gems/ruby-2.1.2/gems/actionpack-4.2.10/lib/action_dispatch/middleware/templates/rescues/_request_and_response.html.erb (1.6ms)
  Rendered /home/cabox/.rvm/gems/ruby-2.1.2/gems/actionpack-4.2.10/lib/action_dispatch/middleware/templates/rescues/diagnostics.html.erb within rescues/layout (52.2ms)


Started GET "/" for 127.0.0.1 at 2018-03-10 05:24:51 -0500

ActiveRecord::PendingMigrationError (

Migrations are pending. To resolve this issue, run:

	bin/rake db:migrate RAILS_ENV=development

):
  activerecord (4.2.10) lib/active_record/migration.rb:392:in `check_pending!'
  activerecord (4.2.10) lib/active_record/migration.rb:373:in `call'
  actionpack (4.2.10) lib/action_dispatch/middleware/callbacks.rb:29:in `block in call'
  activesupport (4.2.10) lib/active_support/callbacks.rb:88:in `__run_callbacks__'
  activesupport (4.2.10) lib/active_support/callbacks.rb:778:in `_run_call_callbacks'
  activesupport (4.2.10) lib/active_support/callbacks.rb:81:in `run_callbacks'
  actionpack (4.2.10) lib/action_dispatch/middleware/callbacks.rb:27:in `call'
  actionpack (4.2.10) lib/action_dispatch/middleware/reloader.rb:73:in `call'
  actionpack (4.2.10) lib/action_dispatch/middleware/remote_ip.rb:78:in `call'
  actionpack (4.2.10) lib/action_dispatch/middleware/debug_exceptions.rb:17:in `call'
  actionpack (4.2.10) lib/action_dispatch/middleware/show_exceptions.rb:30:in `call'
  railties (4.2.10) lib/rails/rack/logger.rb:38:in `call_app'
  railties (4.2.10) lib/rails/rack/logger.rb:20:in `block in call'
  activesupport (4.2.10) lib/active_support/tagged_logging.rb:68:in `block in tagged'
  activesupport (4.2.10) lib/active_support/tagged_logging.rb:26:in `tagged'
  activesupport (4.2.10) lib/active_support/tagged_logging.rb:68:in `tagged'
  railties (4.2.10) lib/rails/rack/logger.rb:20:in `call'
  actionpack (4.2.10) lib/action_dispatch/middleware/request_id.rb:21:in `call'
  rack (1.6.9) lib/rack/methodoverride.rb:22:in `call'
  rack (1.6.9) lib/rack/runtime.rb:18:in `call'
  activesupport (4.2.10) lib/active_support/cache/strategy/local_cache_middleware.rb:28:in `call'
  rack (1.6.9) lib/rack/lock.rb:17:in `call'
  actionpack (4.2.10) lib/action_dispatch/middleware/static.rb:120:in `call'
  rack (1.6.9) lib/rack/sendfile.rb:113:in `call'
  railties (4.2.10) lib/rails/engine.rb:518:in `call'
  railties (4.2.10) lib/rails/application.rb:165:in `call'
  rack (1.6.9) lib/rack/lock.rb:17:in `call'
  rack (1.6.9) lib/rack/content_length.rb:15:in `call'
  rack (1.6.9) lib/rack/handler/webrick.rb:88:in `service'
  /home/cabox/.rvm/rubies/ruby-2.1.2/lib/ruby/2.1.0/webrick/httpserver.rb:138:in `service'
  /home/cabox/.rvm/rubies/ruby-2.1.2/lib/ruby/2.1.0/webrick/httpserver.rb:94:in `run'
  /home/cabox/.rvm/rubies/ruby-2.1.2/lib/ruby/2.1.0/webrick/server.rb:295:in `block in start_thread'


  Rendered /home/cabox/.rvm/gems/ruby-2.1.2/gems/actionpack-4.2.10/lib/action_dispatch/middleware/templates/rescues/_source.erb (3.6ms)
  Rendered /home/cabox/.rvm/gems/ruby-2.1.2/gems/actionpack-4.2.10/lib/action_dispatch/middleware/templates/rescues/_trace.html.erb (2.8ms)
  Rendered /home/cabox/.rvm/gems/ruby-2.1.2/gems/actionpack-4.2.10/lib/action_dispatch/middleware/templates/rescues/_request_and_response.html.erb (1.4ms)
  Rendered /home/cabox/.rvm/gems/ruby-2.1.2/gems/actionpack-4.2.10/lib/action_dispatch/middleware/templates/rescues/diagnostics.html.erb within rescues/layout (23.2ms)
  [1m[36m (29.0ms)[0m  [1mCREATE TABLE "schema_migrations" ("version" varchar NOT NULL) [0m
  [1m[35m (0.2ms)[0m  select sqlite_version(*)
  [1m[36m (25.9ms)[0m  [1mCREATE UNIQUE INDEX "unique_schema_migrations" ON "schema_migrations" ("version")[0m
  [1m[35mActiveRecord::SchemaMigration Load (0.2ms)[0m  SELECT "schema_migrations".* FROM "schema_migrations"
Migrating to CreateStudents (20180310102033)
  [1m[36m (0.1ms)[0m  [1mbegin transaction[0m
  [1m[35m (0.4ms)[0m  CREATE TABLE "students" ("id" INTEGER PRIMARY KEY AUTOINCREMENT NOT NULL, "name" varchar, "lastname" varchar, "birthday" date, "created_at" datetime NOT NULL, "updated_at" datetime NOT NULL) 
  [1m[36mSQL (0.2ms)[0m  [1mINSERT INTO "schema_migrations" ("version") VALUES (?)[0m  [["version", "20180310102033"]]
  [1m[35m (26.3ms)[0m  commit transaction
  [1m[36mActiveRecord::SchemaMigration Load (0.1ms)[0m  [1mSELECT "schema_migrations".* FROM "schema_migrations"[0m
